<?xml version="1.0" encoding="UTF-8"?>
<testsuite name="PetStore.SwaggerPetstoreTestSuite" tests="14" failures="0" errors="0" time="5.222"><properties>
[...]
</properties><testcase name="/pet/{petId}/uploadImage TestCase" time="0.907"/><testcase name="/pet TestCase" time="0.759"/><testcase name="/pet/findByStatus TestCase" time="0.203"/><testcase name="/pet/findByTags TestCase" time="0.165"/><testcase name="/pet/{petId} TestCase" time="0.578"/><testcase name="/store/order TestCase" time="0.204"/><testcase name="/store/order/{orderId} TestCase" time="0.406"/><testcase name="/store/inventory TestCase" time="0.204"/><testcase name="/user/createWithArray TestCase" time="0.308"/><testcase name="/user/createWithList TestCase" time="0.203"/><testcase name="/user/{username} TestCase" time="0.576"/><testcase name="/user/login TestCase" time="0.318"/><testcase name="/user/logout TestCase" time="0.198"/><testcase name="/user TestCase" time="0.193"/></testsuite>