<?xml version="1.0" encoding="UTF-8"?>
<testsuite name="PetStore.SwaggerPetstoreTestSuite" tests="14" failures="0" errors="0" time="34.39"><properties>
[...]
</properties><testcase name="/pet/{petId}/uploadImage TestCase" time="4.744"/><testcase name="/pet TestCase" time="24.109"/><testcase name="/pet/findByStatus TestCase" time="0.54"/><testcase name="/pet/findByTags TestCase" time="0.324"/><testcase name="/pet/{petId} TestCase" time="1.724"/><testcase name="/store/order TestCase" time="0.329"/><testcase name="/store/order/{orderId} TestCase" time="0.962"/><testcase name="/store/inventory TestCase" time="0.437"/><testcase name="/user/createWithArray TestCase" time="0.149"/><testcase name="/user/createWithList TestCase" time="0.156"/><testcase name="/user/{username} TestCase" time="0.466"/><testcase name="/user/login TestCase" time="0.152"/><testcase name="/user/logout TestCase" time="0.15"/><testcase name="/user TestCase" time="0.148"/></testsuite>